<?xml version="1.0" encoding="UTF-8"?>
<!-- Generated by org.testng.reporters.JUnitXMLReporter -->
<testsuite ignored="0" hostname="DESKTOP-CMCRQ1V" failures="0" tests="4" name="API Test Cases" time="6.228" errors="0" timestamp="2026-07-01T20:23:49 IST">
  <testcase classname="api.sampleDev.APITests" name="postPhoneAPI" time="4.394"/>
  <testcase classname="api.sampleDev.APITests" name="getPhoneAPI" time="0.521"/>
  <testcase classname="api.sampleDev.APITests" name="putPhoneAPI" time="0.413"/>
  <testcase classname="api.sampleDev.APITests" name="deletePhoneAPI" time="0.881"/>
</testsuite> <!-- API Test Cases -->
