<?xml version="1.0" encoding="UTF-8"?>
<!-- Generated by org.testng.reporters.JUnitXMLReporter -->
<testsuite ignored="0" hostname="LAPTOP-NLJV8V8E" failures="0" tests="4" name="API Test Cases" time="4.021" errors="0" timestamp="2025-10-09T23:11:13 IST">
  <testcase classname="api.sampleDev.APITests" name="postPhoneAPI" time="2.801"/>
  <testcase classname="api.sampleDev.APITests" name="getPhoneAPI" time="0.323"/>
  <testcase classname="api.sampleDev.APITests" name="putPhoneAPI" time="0.309"/>
  <testcase classname="api.sampleDev.APITests" name="deletePhoneAPI" time="0.58"/>
</testsuite> <!-- API Test Cases -->
