<?xml version="1.0" encoding="UTF-8"?>
<testng-results ignored="0" total="5" passed="5" failed="0" skipped="0">
  <reporter-output>
  </reporter-output>
  <suite started-at="2025-10-09T23:11:08 IST" name="Test Automation Test Suite" finished-at="2025-10-09T23:11:13 IST" duration-ms="5698">
    <groups>
      <group name="web">
        <method signature="Login.validateLogin()[pri:0, instance:webui.loginPage.Login@9bd0fa6]" name="validateLogin" class="webui.loginPage.Login"/>
      </group> <!-- web -->
      <group name="api">
        <method signature="APITests.postPhoneAPI()[pri:1, instance:api.sampleDev.APITests@7c351808]" name="postPhoneAPI" class="api.sampleDev.APITests"/>
        <method signature="APITests.getPhoneAPI()[pri:2, instance:api.sampleDev.APITests@7c351808]" name="getPhoneAPI" class="api.sampleDev.APITests"/>
        <method signature="APITests.putPhoneAPI()[pri:3, instance:api.sampleDev.APITests@7c351808]" name="putPhoneAPI" class="api.sampleDev.APITests"/>
        <method signature="APITests.deletePhoneAPI()[pri:4, instance:api.sampleDev.APITests@7c351808]" name="deletePhoneAPI" class="api.sampleDev.APITests"/>
      </group> <!-- api -->
    </groups>
    <test started-at="2025-10-09T23:11:08 IST" name="WebUI Test Cases" finished-at="2025-10-09T23:11:09 IST" duration-ms="1651">
      <class name="webui.loginPage.Login">
        <test-method is-config="true" signature="setUp()[pri:0, instance:webui.loginPage.Login@9bd0fa6]" started-at="2025-10-09T23:11:08 IST" name="setUp" finished-at="2025-10-09T23:11:09 IST" duration-ms="1039" status="PASS">
          <reporter-output>
          </reporter-output>
        </test-method> <!-- setUp -->
        <test-method signature="validateLogin()[pri:0, instance:webui.loginPage.Login@9bd0fa6]" started-at="2025-10-09T23:11:09 IST" name="validateLogin" finished-at="2025-10-09T23:11:09 IST" duration-ms="245" status="PASS">
          <reporter-output>
          </reporter-output>
        </test-method> <!-- validateLogin -->
        <test-method is-config="true" signature="tearDown()[pri:0, instance:webui.loginPage.Login@9bd0fa6]" started-at="2025-10-09T23:11:09 IST" name="tearDown" finished-at="2025-10-09T23:11:09 IST" duration-ms="322" status="PASS">
          <reporter-output>
          </reporter-output>
        </test-method> <!-- tearDown -->
      </class> <!-- webui.loginPage.Login -->
    </test> <!-- WebUI Test Cases -->
    <test started-at="2025-10-09T23:11:09 IST" name="API Test Cases" finished-at="2025-10-09T23:11:13 IST" duration-ms="4021">
      <class name="api.sampleDev.APITests">
        <test-method is-config="true" signature="driverInitialization()[pri:0, instance:api.sampleDev.APITests@7c351808]" started-at="2025-10-09T23:11:06 IST" name="driverInitialization" finished-at="2025-10-09T23:11:08 IST" duration-ms="1687" status="PASS">
          <reporter-output>
          </reporter-output>
        </test-method> <!-- driverInitialization -->
        <test-method signature="postPhoneAPI()[pri:1, instance:api.sampleDev.APITests@7c351808]" started-at="2025-10-09T23:11:09 IST" name="postPhoneAPI" finished-at="2025-10-09T23:11:12 IST" duration-ms="2801" status="PASS">
          <reporter-output>
          </reporter-output>
        </test-method> <!-- postPhoneAPI -->
        <test-method signature="getPhoneAPI()[pri:2, instance:api.sampleDev.APITests@7c351808]" started-at="2025-10-09T23:11:12 IST" name="getPhoneAPI" finished-at="2025-10-09T23:11:12 IST" duration-ms="323" status="PASS">
          <reporter-output>
          </reporter-output>
        </test-method> <!-- getPhoneAPI -->
        <test-method signature="putPhoneAPI()[pri:3, instance:api.sampleDev.APITests@7c351808]" started-at="2025-10-09T23:11:12 IST" name="putPhoneAPI" finished-at="2025-10-09T23:11:13 IST" duration-ms="309" status="PASS">
          <reporter-output>
          </reporter-output>
        </test-method> <!-- putPhoneAPI -->
        <test-method signature="deletePhoneAPI()[pri:4, instance:api.sampleDev.APITests@7c351808]" started-at="2025-10-09T23:11:13 IST" name="deletePhoneAPI" finished-at="2025-10-09T23:11:13 IST" duration-ms="580" status="PASS">
          <reporter-output>
          </reporter-output>
        </test-method> <!-- deletePhoneAPI -->
      </class> <!-- api.sampleDev.APITests -->
    </test> <!-- API Test Cases -->
  </suite> <!-- Test Automation Test Suite -->
</testng-results>
