<?xml version="1.0" encoding="UTF-8"?>
<testsuite xmlns:xsi="http://www.w3.org/2001/XMLSchema-instance" xsi:noNamespaceSchemaLocation="https://maven.apache.org/surefire/maven-surefire-plugin/xsd/surefire-test-report-3.0.xsd" version="3.0" name="TestSuite" time="17.545" tests="10" errors="0" skipped="3" failures="1">
  <properties>
[...]
</properties>
  <testcase name="validateLogin" classname="webui.loginPage.Login" time="0.556">
    <system-out><![CDATA[[DEBUG] 2026-07-01 20:23:32.712 [main] TestNG - suiteXmlPath: "C:\GitCode\API_Testing\selenium-restassured-automation\src\main\resources\testng.xml"
[INFO ] 2026-07-01 20:23:34.593 [main] BaseFactory - Local mode execution started
[INFO ] 2026-07-01 20:23:35.799 [main] Login - login successfull
[INFO ] 2026-07-01 20:23:36.226 [main] Login - Page title: Swag Labs
[INFO ] 2026-07-01 20:23:36.297 [main] Login - Login test passed with product count as: 6
]]></system-out>
    <system-err><![CDATA[Jul 01, 2026 8:23:34 PM org.openqa.selenium.devtools.CdpVersionFinder findNearestMatch
WARNING: Unable to find CDP implementation matching 149
Jul 01, 2026 8:23:34 PM org.openqa.selenium.chromium.ChromiumDriver lambda$new$4
WARNING: Unable to find version of CDP to use for 149.0.7827.197. You may need to include a dependency on a specific version of the CDP using something similar to `org.seleniumhq.selenium:selenium-devtools-v86:4.34.0` where the version ("v86") matches the version of the chromium-based browser you're using and the version number of the artifact is the same as Selenium's.
]]></system-err>
  </testcase>
  <testcase name="validateLogin" classname="webui.loginPage.Login" time="0.481">
    <system-out><![CDATA[[INFO ] 2026-07-01 20:23:36.541 [main] Login - Browser closed successfully
[INFO ] 2026-07-01 20:23:39.859 [main] BaseFactory - Local mode execution started
[INFO ] 2026-07-01 20:23:41.037 [main] Login - login successfull
[INFO ] 2026-07-01 20:23:41.406 [main] Login - Page title: Swag Labs
[INFO ] 2026-07-01 20:23:41.522 [main] Login - Login test passed with product count as: 6
]]></system-out>
  </testcase>
  <testcase name="validateLogin" classname="webui.loginPage.Login" time="0">
    <skipped message="Could not start a new session. Response code 500. Message: session not created: This version of Microsoft Edge WebDriver only supports Microsoft Edge version 141&#10;Current browser version is 149.0.4022.98 with binary path C:\Program Files (x86)\Microsoft\Edge\Application\msedge.exe &#10;Host info: host: &apos;DESKTOP-CMCRQ1V&apos;, ip: &apos;192.168.1.8&apos;&#10;Build info: version: &apos;4.34.0&apos;, revision: &apos;707dcb4246*&apos;&#10;System info: os.name: &apos;Windows 10&apos;, os.arch: &apos;amd64&apos;, os.version: &apos;10.0&apos;, java.version: &apos;17.0.12&apos;&#10;Driver info: org.openqa.selenium.edge.EdgeDriver&#10;Command: [null, newSession {capabilities=[Capabilities {browserName: MicrosoftEdge, ms:edgeOptions: {args: [--inprivate], extensions: []}}]}]"/>
  </testcase>
  <testcase name="driverInitialization[edge](0)" classname="webui.loginPage.Login" time="2.261">
    <failure message="Could not start a new session. Response code 500. Message: session not created: This version of Microsoft Edge WebDriver only supports Microsoft Edge version 141&#10;Current browser version is 149.0.4022.98 with binary path C:\Program Files (x86)\Microsoft\Edge\Application\msedge.exe &#10;Host info: host: &apos;DESKTOP-CMCRQ1V&apos;, ip: &apos;192.168.1.8&apos;&#10;Build info: version: &apos;4.34.0&apos;, revision: &apos;707dcb4246*&apos;&#10;System info: os.name: &apos;Windows 10&apos;, os.arch: &apos;amd64&apos;, os.version: &apos;10.0&apos;, java.version: &apos;17.0.12&apos;&#10;Driver info: org.openqa.selenium.edge.EdgeDriver&#10;Command: [null, newSession {capabilities=[Capabilities {browserName: MicrosoftEdge, ms:edgeOptions: {args: [--inprivate], extensions: []}}]}]" type="org.openqa.selenium.SessionNotCreatedException"><![CDATA[org.openqa.selenium.SessionNotCreatedException: 
Could not start a new session. Response code 500. Message: session not created: This version of Microsoft Edge WebDriver only supports Microsoft Edge version 141
Current browser version is 149.0.4022.98 with binary path C:\Program Files (x86)\Microsoft\Edge\Application\msedge.exe 
Host info: host: 'DESKTOP-CMCRQ1V', ip: '192.168.1.8'
Build info: version: '4.34.0', revision: '707dcb4246*'
System info: os.name: 'Windows 10', os.arch: 'amd64', os.version: '10.0', java.version: '17.0.12'
Driver info: org.openqa.selenium.edge.EdgeDriver
Command: [null, newSession {capabilities=[Capabilities {browserName: MicrosoftEdge, ms:edgeOptions: {args: [--inprivate], extensions: []}}]}]
	at org.openqa.selenium.remote.ProtocolHandshake.createSession(ProtocolHandshake.java:114)
	at org.openqa.selenium.remote.ProtocolHandshake.createSession(ProtocolHandshake.java:75)
	at org.openqa.selenium.remote.ProtocolHandshake.createSession(ProtocolHandshake.java:61)
	at org.openqa.selenium.remote.HttpCommandExecutor.execute(HttpCommandExecutor.java:187)
	at org.openqa.selenium.remote.service.DriverCommandExecutor.invokeExecute(DriverCommandExecutor.java:216)
	at org.openqa.selenium.remote.service.DriverCommandExecutor.execute(DriverCommandExecutor.java:174)
	at org.openqa.selenium.remote.RemoteWebDriver.execute(RemoteWebDriver.java:544)
	at org.openqa.selenium.remote.RemoteWebDriver.startSession(RemoteWebDriver.java:244)
	at org.openqa.selenium.remote.RemoteWebDriver.<init>(RemoteWebDriver.java:173)
	at org.openqa.selenium.chromium.ChromiumDriver.<init>(ChromiumDriver.java:110)
	at org.openqa.selenium.edge.EdgeDriver.<init>(EdgeDriver.java:60)
	at org.openqa.selenium.edge.EdgeDriver.<init>(EdgeDriver.java:56)
	at org.openqa.selenium.edge.EdgeDriver.<init>(EdgeDriver.java:48)
	at com.example.automation.base.LocalExecution.setupDriver(LocalExecution.java:29)
	at com.example.automation.base.DriverContext.getWebDriver(DriverContext.java:17)
	at com.example.automation.base.BaseFactory.driverInitialization(BaseFactory.java:40)
	at java.base/jdk.internal.reflect.NativeMethodAccessorImpl.invoke0(Native Method)
	at java.base/jdk.internal.reflect.NativeMethodAccessorImpl.invoke(NativeMethodAccessorImpl.java:77)
	at java.base/jdk.internal.reflect.DelegatingMethodAccessorImpl.invoke(DelegatingMethodAccessorImpl.java:43)
	at java.base/java.lang.reflect.Method.invoke(Method.java:568)
	at org.testng.internal.invokers.MethodInvocationHelper.invokeMethod(MethodInvocationHelper.java:139)
	at org.testng.internal.invokers.MethodInvocationHelper.invokeMethodConsideringTimeout(MethodInvocationHelper.java:69)
	at org.testng.internal.invokers.ConfigInvoker.invokeConfigurationMethod(ConfigInvoker.java:361)
	at org.testng.internal.invokers.ConfigInvoker.invokeConfigurations(ConfigInvoker.java:296)
	at org.testng.TestRunner.invokeTestConfigurations(TestRunner.java:644)
	at org.testng.TestRunner.beforeRun(TestRunner.java:633)
	at org.testng.TestRunner.run(TestRunner.java:595)
	at org.testng.SuiteRunner.runTest(SuiteRunner.java:437)
	at org.testng.SuiteRunner.runSequentially(SuiteRunner.java:431)
	at org.testng.SuiteRunner.privateRun(SuiteRunner.java:391)
	at org.testng.SuiteRunner.run(SuiteRunner.java:330)
	at org.testng.SuiteRunnerWorker.runSuite(SuiteRunnerWorker.java:52)
	at org.testng.SuiteRunnerWorker.run(SuiteRunnerWorker.java:95)
	at org.testng.TestNG.runSuitesSequentially(TestNG.java:1256)
	at org.testng.TestNG.runSuitesLocally(TestNG.java:1176)
	at org.testng.TestNG.runSuites(TestNG.java:1099)
	at org.testng.TestNG.run(TestNG.java:1067)
	at org.apache.maven.surefire.testng.TestNGExecutor.run(TestNGExecutor.java:324)
	at org.apache.maven.surefire.testng.TestNGXmlTestSuite.execute(TestNGXmlTestSuite.java:74)
	at org.apache.maven.surefire.testng.TestNGProvider.invoke(TestNGProvider.java:123)
	at org.apache.maven.surefire.booter.ForkedBooter.runSuitesInProcess(ForkedBooter.java:456)
	at org.apache.maven.surefire.booter.ForkedBooter.execute(ForkedBooter.java:169)
	at org.apache.maven.surefire.booter.ForkedBooter.run(ForkedBooter.java:595)
	at org.apache.maven.surefire.booter.ForkedBooter.main(ForkedBooter.java:581)
]]></failure>
    <system-out><![CDATA[[INFO ] 2026-07-01 20:23:42.434 [main] Login - Browser closed successfully
]]></system-out>
  </testcase>
  <testcase name="setUp" classname="webui.loginPage.Login" time="0">
    <skipped/>
  </testcase>
  <testcase name="tearDown" classname="webui.loginPage.Login" time="0">
    <skipped/>
  </testcase>
  <testcase name="postPhoneAPI" classname="api.sampleDev.APITests" time="4.395">
    <system-out><![CDATA[[INFO ] 2026-07-01 20:23:46.613 [main] APITests - POST Response to phone creation : {"id":"ff8081819d82fab6019f1e2bfd1d04fc","name":"Apple IPhone 13-RK","createdAt":1782917627165,"data":{"year":2021,"price":899.99,"CPU model":"Google Tensor","Hard disk size":"128 GB"}}
[INFO ] 2026-07-01 20:23:47.737 [main] APITests - Device ID: ff8081819d82fab6019f1e2bfd1d04fc
]]></system-out>
  </testcase>
  <testcase name="getPhoneAPI" classname="api.sampleDev.APITests" time="0.525">
    <system-out><![CDATA[[INFO ] 2026-07-01 20:23:48.263 [main] APITests - GET API Test Passed with phone name: Apple IPhone 13-RK
]]></system-out>
  </testcase>
  <testcase name="putPhoneAPI" classname="api.sampleDev.APITests" time="0.421">
    <system-out><![CDATA[Body: { "name": "Apple IPhone 13-RK","data": {"year": 2021,"price": 799.990000, "CPU model": "Google Tensor", "Hard disk size": "128 GB"} }
[INFO ] 2026-07-01 20:23:48.644 [main] APITests - PUT Response to phone update: {"id":"ff8081819d82fab6019f1e2bfd1d04fc","name":"Apple IPhone 13-RK","updatedAt":1782917629397,"data":{"year":2021,"price":799.99,"CPU model":"Google Tensor","Hard disk size":"128 GB"}}
Current phone price: 799.99
[INFO ] 2026-07-01 20:23:48.681 [main] APITests - PUT API Test Passed with phone price: 799.99
]]></system-out>
  </testcase>
  <testcase name="deletePhoneAPI" classname="api.sampleDev.APITests" time="0.882">
    <system-out><![CDATA[[INFO ] 2026-07-01 20:23:49.155 [main] APITests - DELETE Response: {"message":"Object with id = ff8081819d82fab6019f1e2bfd1d04fc has been deleted."}
[INFO ] 2026-07-01 20:23:49.566 [main] APITests - DELETE API Test Passed, phone deleted successfully
]]></system-out>
  </testcase>
</testsuite>