<?xml version="1.0" encoding="UTF-8"?>
<testsuite xmlns:xsi="http://www.w3.org/2001/XMLSchema-instance" xsi:noNamespaceSchemaLocation="https://maven.apache.org/surefire/maven-surefire-plugin/xsd/surefire-test-report-3.0.xsd" version="3.0" name="TestSuite" time="8.411" tests="5" errors="0" skipped="0" failures="0">
  <properties>
[...]
</properties>
  <testcase name="validateLogin" classname="webui.loginPage.Login" time="0.246">
    <system-out><![CDATA[[DEBUG] 2025-10-09 23:11:06.088 [main] TestNG - suiteXmlPath: "C:\Users\Reetanshu Kumar\Documents\GitHub\selenium-restassured-automation\src\main\resources\testng.xml"
[INFO ] 2025-10-09 23:11:09.156 [main] Login - login successfull
[INFO ] 2025-10-09 23:11:09.379 [main] Login - Page title: Swag Labs
[INFO ] 2025-10-09 23:11:09.421 [main] Login - Login test passed with product count as: 6
]]></system-out>
    <system-err><![CDATA[Oct 09, 2025 11:11:08 PM org.openqa.selenium.devtools.CdpVersionFinder findNearestMatch
WARNING: Unable to find an exact match for CDP version 140, returning the closest version; found: 138; Please update to a Selenium version that supports CDP version 140
]]></system-err>
  </testcase>
  <testcase name="postPhoneAPI" classname="api.sampleDev.APITests" time="2.802">
    <system-out><![CDATA[[INFO ] 2025-10-09 23:11:09.745 [main] Login - Browser closed successfully
[INFO ] 2025-10-09 23:11:11.693 [main] APITests - POST Response to phone creation : {"id":"ff8081819782e69e0199ca10293907b6","name":"Apple IPhone 13-RK","createdAt":"2025-10-09T17:41:20.825+00:00","data":{"year":2021,"price":899.99,"CPU model":"Google Tensor","Hard disk size":"128 GB"}}
[INFO ] 2025-10-09 23:11:12.573 [main] APITests - Device ID: ff8081819782e69e0199ca10293907b6
]]></system-out>
  </testcase>
  <testcase name="getPhoneAPI" classname="api.sampleDev.APITests" time="0.326">
    <system-out><![CDATA[[INFO ] 2025-10-09 23:11:12.901 [main] APITests - GET API Test Passed with phone name: Apple IPhone 13-RK
]]></system-out>
  </testcase>
  <testcase name="putPhoneAPI" classname="api.sampleDev.APITests" time="0.31">
    <system-out><![CDATA[Body: { "name": "Apple IPhone 13-RK","data": {"year": 2021,"price": 799.990000, "CPU model": "Google Tensor", "Hard disk size": "128 GB"} }
[INFO ] 2025-10-09 23:11:13.181 [main] APITests - PUT Response to phone update: {"id":"ff8081819782e69e0199ca10293907b6","name":"Apple IPhone 13-RK","updatedAt":"2025-10-09T17:41:22.390+00:00","data":{"year":2021,"price":799.99,"CPU model":"Google Tensor","Hard disk size":"128 GB"}}
Current phone price: 799.99
[INFO ] 2025-10-09 23:11:13.210 [main] APITests - PUT API Test Passed with phone price: 799.99
]]></system-out>
  </testcase>
  <testcase name="deletePhoneAPI" classname="api.sampleDev.APITests" time="0.595">
    <system-out><![CDATA[[INFO ] 2025-10-09 23:11:13.483 [main] APITests - DELETE Response: {"message":"Object with id = ff8081819782e69e0199ca10293907b6 has been deleted."}
[INFO ] 2025-10-09 23:11:13.793 [main] APITests - DELETE API Test Passed, phone deleted successfully
]]></system-out>
  </testcase>
</testsuite>