<?xml version="1.0" encoding="UTF-8"?>
<!-- Generated by org.testng.reporters.JUnitReportReporter -->
<testsuite hostname="LAPTOP-NLJV8V8E" failures="0" tests="4" name="api.sampleDev.APITests" time="4.013" errors="0" timestamp="2025-10-09T23:11:13 IST" skipped="0">
  <testcase classname="api.sampleDev.APITests" name="postPhoneAPI" time="2.801"/>
  <system-out/>
  <testcase classname="api.sampleDev.APITests" name="getPhoneAPI" time="0.323"/>
  <system-out/>
  <testcase classname="api.sampleDev.APITests" name="putPhoneAPI" time="0.309"/>
  <system-out/>
  <testcase classname="api.sampleDev.APITests" name="deletePhoneAPI" time="0.580"/>
  <system-out/>
</testsuite> <!-- api.sampleDev.APITests -->
